0 verbose cli C:\Program Files\nodejs\node.exe C:\Users\abdul\AppData\Roaming\npm\node_modules\npm\bin\npm-cli.js
1 info using npm@10.7.0
2 info using node@v18.18.2
3 silly config:load:file:C:\Users\abdul\AppData\Roaming\npm\node_modules\npm\npmrc
4 silly config:load:file:D:\Coding\Next js\Clerk Authentication\clerk-authentication\.npmrc
5 silly config:load:file:C:\Users\abdul\.npmrc
6 silly config:load:file:C:\Users\abdul\AppData\Roaming\npm\etc\npmrc
7 verbose title npm i
8 verbose argv "i"
9 verbose logfile logs-max:10 dir:D:\Coding\Next js\Clerk Authentication\clerk-authentication\.npm\_logs\2024-07-08T15_14_25_863Z-
10 verbose logfile D:\Coding\Next js\Clerk Authentication\clerk-authentication\.npm\_logs\2024-07-08T15_14_25_863Z-debug-0.log
11 silly logfile done cleaning log files
12 silly idealTree buildDeps
13 silly fetch manifest next@14.2.4
14 http fetch GET 200 https://registry.npmjs.org/next 6972ms (cache miss)
15 silly fetch manifest @opentelemetry/api@^1.1.0
16 http fetch GET 200 https://registry.npmjs.org/@opentelemetry%2fapi 283ms (cache miss)
17 silly fetch manifest @playwright/test@^1.41.2
18 http fetch GET 200 https://registry.npmjs.org/@playwright%2ftest 883ms (cache miss)
19 silly fetch manifest react@^18
20 http fetch GET 200 https://registry.npmjs.org/react 610ms (cache miss)
21 silly fetch manifest react-dom@^18
22 http fetch GET 200 https://registry.npmjs.org/react-dom 705ms (cache miss)
23 silly fetch manifest sass@^1.3.0
24 http fetch GET 200 https://registry.npmjs.org/sass 241ms (cache miss)
25 silly placeDep ROOT next@14.2.4 REPLACE for: clerk-authentication@0.1.0 want: 14.2.4
26 silly fetch manifest @next/swc-darwin-x64@14.2.4
27 silly fetch manifest @next/swc-darwin-arm64@14.2.4
28 silly fetch manifest @next/swc-linux-x64-gnu@14.2.4
29 http fetch GET 200 https://registry.npmjs.org/@next%2fswc-darwin-x64 838ms (cache miss)
30 silly fetch manifest @next/swc-linux-x64-musl@14.2.4
31 http fetch GET 200 https://registry.npmjs.org/@next%2fswc-linux-x64-gnu 1432ms (cache miss)
32 silly fetch manifest @next/swc-linux-arm64-gnu@14.2.4
33 http fetch GET 200 https://registry.npmjs.org/@next%2fswc-linux-x64-musl 606ms (cache miss)
34 silly fetch manifest @next/swc-win32-ia32-msvc@14.2.4
35 http fetch GET 200 https://registry.npmjs.org/@next%2fswc-darwin-arm64 1630ms (cache miss)
36 silly fetch manifest @next/swc-linux-arm64-musl@14.2.4
37 http fetch GET 200 https://registry.npmjs.org/@next%2fswc-linux-arm64-gnu 592ms (cache miss)
38 silly fetch manifest @next/swc-win32-arm64-msvc@14.2.4
39 http fetch GET 200 https://registry.npmjs.org/@next%2fswc-linux-arm64-musl 584ms (cache miss)
40 http fetch GET 200 https://registry.npmjs.org/@next%2fswc-win32-ia32-msvc 838ms (cache miss)
41 http fetch GET 200 https://registry.npmjs.org/@next%2fswc-win32-arm64-msvc 447ms (cache miss)
42 silly fetch manifest es-abstract@^1.23.2
43 http fetch GET 200 https://registry.npmjs.org/es-abstract 847ms (cache miss)
44 silly placeDep node_modules/array-includes es-abstract@1.23.3 OK for: array-includes@3.1.8 want: ^1.23.2
45 silly placeDep node_modules/array.prototype.findlast es-abstract@1.23.3 OK for: array.prototype.findlast@1.2.5 want: ^1.23.2
46 silly placeDep node_modules/array.prototype.findlastindex es-abstract@1.23.3 OK for: array.prototype.findlastindex@1.2.5 want: ^1.23.2
47 silly fetch manifest es-abstract@^1.22.1
48 silly placeDep node_modules/array.prototype.flat es-abstract@1.23.3 OK for: array.prototype.flat@1.3.2 want: ^1.22.1
49 silly placeDep node_modules/array.prototype.flatmap es-abstract@1.23.3 OK for: array.prototype.flatmap@1.3.2 want: ^1.22.1
50 silly placeDep node_modules/array.prototype.toreversed es-abstract@1.23.3 OK for: array.prototype.toreversed@1.1.2 want: ^1.22.1
51 silly fetch manifest es-abstract@^1.23.3
52 silly placeDep node_modules/array.prototype.tosorted es-abstract@1.23.3 OK for: array.prototype.tosorted@1.1.4 want: ^1.23.3
53 silly fetch manifest fsevents@~2.3.2
54 http fetch GET 200 https://registry.npmjs.org/fsevents 197ms (cache miss)
55 silly placeDep node_modules/chokidar fsevents@2.3.3 OK for: chokidar@3.6.0 want: ~2.3.2
56 silly placeDep node_modules/es-iterator-helpers es-abstract@1.23.3 OK for: es-iterator-helpers@1.0.19 want: ^1.23.3
57 silly placeDep node_modules/function.prototype.name es-abstract@1.23.3 OK for: function.prototype.name@1.1.6 want: ^1.22.1
58 silly placeDep ROOT @next/swc-darwin-arm64@14.2.4 OK for: next@14.2.4 want: 14.2.4
59 silly placeDep ROOT @next/swc-darwin-x64@14.2.4 OK for: next@14.2.4 want: 14.2.4
60 silly placeDep ROOT @next/swc-linux-arm64-gnu@14.2.4 OK for: next@14.2.4 want: 14.2.4
61 silly placeDep ROOT @next/swc-linux-arm64-musl@14.2.4 OK for: next@14.2.4 want: 14.2.4
62 silly placeDep ROOT @next/swc-linux-x64-gnu@14.2.4 OK for: next@14.2.4 want: 14.2.4
63 silly placeDep ROOT @next/swc-linux-x64-musl@14.2.4 OK for: next@14.2.4 want: 14.2.4
64 silly placeDep ROOT @next/swc-win32-arm64-msvc@14.2.4 OK for: next@14.2.4 want: 14.2.4
65 silly placeDep ROOT @next/swc-win32-ia32-msvc@14.2.4 OK for: next@14.2.4 want: 14.2.4
66 silly placeDep node_modules/object.fromentries es-abstract@1.23.3 OK for: object.fromentries@2.0.8 want: ^1.23.2
67 silly placeDep node_modules/object.groupby es-abstract@1.23.3 OK for: object.groupby@1.0.3 want: ^1.23.2
68 silly placeDep node_modules/object.hasown es-abstract@1.23.3 OK for: object.hasown@1.1.4 want: ^1.23.2
69 silly fetch manifest es-abstract@^1.23.1
70 silly placeDep node_modules/reflect.getprototypeof es-abstract@1.23.3 OK for: reflect.getprototypeof@1.0.6 want: ^1.23.1
71 silly fetch manifest es-abstract@^1.17.5
72 silly placeDep node_modules/string.prototype.includes es-abstract@1.23.3 OK for: string.prototype.includes@2.0.0 want: ^1.17.5
73 silly placeDep node_modules/string.prototype.matchall es-abstract@1.23.3 OK for: string.prototype.matchall@4.0.11 want: ^1.23.2
74 silly reify mark retired [
74 silly reify   'D:\\Coding\\Next js\\Clerk Authentication\\clerk-authentication\\node_modules\\fsevents'
74 silly reify ]
75 silly reify mark retired [
75 silly reify   'D:\\Coding\\Next js\\Clerk Authentication\\clerk-authentication\\node_modules\\next'
75 silly reify ]
76 silly reify mark retired [
76 silly reify   'D:\\Coding\\Next js\\Clerk Authentication\\clerk-authentication\\node_modules\\@next\\swc-darwin-arm64'
76 silly reify ]
77 silly reify mark retired [
77 silly reify   'D:\\Coding\\Next js\\Clerk Authentication\\clerk-authentication\\node_modules\\@next\\swc-darwin-x64'
77 silly reify ]
78 silly reify mark retired [
78 silly reify   'D:\\Coding\\Next js\\Clerk Authentication\\clerk-authentication\\node_modules\\@next\\swc-linux-arm64-gnu'
78 silly reify ]
79 silly reify mark retired [
79 silly reify   'D:\\Coding\\Next js\\Clerk Authentication\\clerk-authentication\\node_modules\\@next\\swc-linux-arm64-musl'
79 silly reify ]
80 silly reify mark retired [
80 silly reify   'D:\\Coding\\Next js\\Clerk Authentication\\clerk-authentication\\node_modules\\@next\\swc-linux-x64-gnu'
80 silly reify ]
81 silly reify mark retired [
81 silly reify   'D:\\Coding\\Next js\\Clerk Authentication\\clerk-authentication\\node_modules\\@next\\swc-linux-x64-musl'
81 silly reify ]
82 silly reify mark retired [
82 silly reify   'D:\\Coding\\Next js\\Clerk Authentication\\clerk-authentication\\node_modules\\@next\\swc-win32-arm64-msvc'
82 silly reify ]
83 silly reify mark retired [
83 silly reify   'D:\\Coding\\Next js\\Clerk Authentication\\clerk-authentication\\node_modules\\@next\\swc-win32-ia32-msvc'
83 silly reify ]
84 silly reify mark retired [
84 silly reify   'D:\\Coding\\Next js\\Clerk Authentication\\clerk-authentication\\node_modules\\acorn',
84 silly reify   'D:\\Coding\\Next js\\Clerk Authentication\\clerk-authentication\\node_modules\\.bin\\acorn',
84 silly reify   'D:\\Coding\\Next js\\Clerk Authentication\\clerk-authentication\\node_modules\\.bin\\acorn.cmd',
84 silly reify   'D:\\Coding\\Next js\\Clerk Authentication\\clerk-authentication\\node_modules\\.bin\\acorn.ps1'
84 silly reify ]
85 silly reify mark retired [
85 silly reify   'D:\\Coding\\Next js\\Clerk Authentication\\clerk-authentication\\node_modules\\cssesc',
85 silly reify   'D:\\Coding\\Next js\\Clerk Authentication\\clerk-authentication\\node_modules\\.bin\\cssesc',
85 silly reify   'D:\\Coding\\Next js\\Clerk Authentication\\clerk-authentication\\node_modules\\.bin\\cssesc.cmd',
85 silly reify   'D:\\Coding\\Next js\\Clerk Authentication\\clerk-authentication\\node_modules\\.bin\\cssesc.ps1'
85 silly reify ]
86 silly reify mark retired [
86 silly reify   'D:\\Coding\\Next js\\Clerk Authentication\\clerk-authentication\\node_modules\\eslint',
86 silly reify   'D:\\Coding\\Next js\\Clerk Authentication\\clerk-authentication\\node_modules\\.bin\\eslint',
86 silly reify   'D:\\Coding\\Next js\\Clerk Authentication\\clerk-authentication\\node_modules\\.bin\\eslint.cmd',
86 silly reify   'D:\\Coding\\Next js\\Clerk Authentication\\clerk-authentication\\node_modules\\.bin\\eslint.ps1'
86 silly reify ]
87 silly reify mark retired [
87 silly reify   'D:\\Coding\\Next js\\Clerk Authentication\\clerk-authentication\\node_modules\\eslint-plugin-import\\node_modules\\semver',
87 silly reify   'D:\\Coding\\Next js\\Clerk Authentication\\clerk-authentication\\node_modules\\eslint-plugin-import\\node_modules\\.bin\\semver',
87 silly reify   'D:\\Coding\\Next js\\Clerk Authentication\\clerk-authentication\\node_modules\\eslint-plugin-import\\node_modules\\.bin\\semver.cmd',
87 silly reify   'D:\\Coding\\Next js\\Clerk Authentication\\clerk-authentication\\node_modules\\eslint-plugin-import\\node_modules\\.bin\\semver.ps1'
87 silly reify ]
88 silly reify mark retired [
88 silly reify   'D:\\Coding\\Next js\\Clerk Authentication\\clerk-authentication\\node_modules\\eslint-plugin-react\\node_modules\\resolve',
88 silly reify   'D:\\Coding\\Next js\\Clerk Authentication\\clerk-authentication\\node_modules\\eslint-plugin-react\\node_modules\\.bin\\resolve',
88 silly reify   'D:\\Coding\\Next js\\Clerk Authentication\\clerk-authentication\\node_modules\\eslint-plugin-react\\node_modules\\.bin\\resolve.cmd',
88 silly reify   'D:\\Coding\\Next js\\Clerk Authentication\\clerk-authentication\\node_modules\\eslint-plugin-react\\node_modules\\.bin\\resolve.ps1'
88 silly reify ]
89 silly reify mark retired [
89 silly reify   'D:\\Coding\\Next js\\Clerk Authentication\\clerk-authentication\\node_modules\\eslint-plugin-react\\node_modules\\semver',
89 silly reify   'D:\\Coding\\Next js\\Clerk Authentication\\clerk-authentication\\node_modules\\eslint-plugin-react\\node_modules\\.bin\\semver',
89 silly reify   'D:\\Coding\\Next js\\Clerk Authentication\\clerk-authentication\\node_modules\\eslint-plugin-react\\node_modules\\.bin\\semver.cmd',
89 silly reify   'D:\\Coding\\Next js\\Clerk Authentication\\clerk-authentication\\node_modules\\eslint-plugin-react\\node_modules\\.bin\\semver.ps1'
89 silly reify ]
90 silly reify mark retired [
90 silly reify   'D:\\Coding\\Next js\\Clerk Authentication\\clerk-authentication\\node_modules\\glob',
90 silly reify   'D:\\Coding\\Next js\\Clerk Authentication\\clerk-authentication\\node_modules\\.bin\\glob',
90 silly reify   'D:\\Coding\\Next js\\Clerk Authentication\\clerk-authentication\\node_modules\\.bin\\glob.cmd',
90 silly reify   'D:\\Coding\\Next js\\Clerk Authentication\\clerk-authentication\\node_modules\\.bin\\glob.ps1'
90 silly reify ]
91 silly reify mark retired [
91 silly reify   'D:\\Coding\\Next js\\Clerk Authentication\\clerk-authentication\\node_modules\\jiti',
91 silly reify   'D:\\Coding\\Next js\\Clerk Authentication\\clerk-authentication\\node_modules\\.bin\\jiti',
91 silly reify   'D:\\Coding\\Next js\\Clerk Authentication\\clerk-authentication\\node_modules\\.bin\\jiti.cmd',
91 silly reify   'D:\\Coding\\Next js\\Clerk Authentication\\clerk-authentication\\node_modules\\.bin\\jiti.ps1'
91 silly reify ]
92 silly reify mark retired [
92 silly reify   'D:\\Coding\\Next js\\Clerk Authentication\\clerk-authentication\\node_modules\\js-yaml',
92 silly reify   'D:\\Coding\\Next js\\Clerk Authentication\\clerk-authentication\\node_modules\\.bin\\js-yaml',
92 silly reify   'D:\\Coding\\Next js\\Clerk Authentication\\clerk-authentication\\node_modules\\.bin\\js-yaml.cmd',
92 silly reify   'D:\\Coding\\Next js\\Clerk Authentication\\clerk-authentication\\node_modules\\.bin\\js-yaml.ps1'
92 silly reify ]
93 silly reify mark retired [
93 silly reify   'D:\\Coding\\Next js\\Clerk Authentication\\clerk-authentication\\node_modules\\json5',
93 silly reify   'D:\\Coding\\Next js\\Clerk Authentication\\clerk-authentication\\node_modules\\.bin\\json5',
93 silly reify   'D:\\Coding\\Next js\\Clerk Authentication\\clerk-authentication\\node_modules\\.bin\\json5.cmd',
93 silly reify   'D:\\Coding\\Next js\\Clerk Authentication\\clerk-authentication\\node_modules\\.bin\\json5.ps1'
93 silly reify ]
94 silly reify mark retired [
94 silly reify   'D:\\Coding\\Next js\\Clerk Authentication\\clerk-authentication\\node_modules\\loose-envify',
94 silly reify   'D:\\Coding\\Next js\\Clerk Authentication\\clerk-authentication\\node_modules\\.bin\\loose-envify',
94 silly reify   'D:\\Coding\\Next js\\Clerk Authentication\\clerk-authentication\\node_modules\\.bin\\loose-envify.cmd',
94 silly reify   'D:\\Coding\\Next js\\Clerk Authentication\\clerk-authentication\\node_modules\\.bin\\loose-envify.ps1'
94 silly reify ]
95 silly reify mark retired [
95 silly reify   'D:\\Coding\\Next js\\Clerk Authentication\\clerk-authentication\\node_modules\\nanoid',
95 silly reify   'D:\\Coding\\Next js\\Clerk Authentication\\clerk-authentication\\node_modules\\.bin\\nanoid',
95 silly reify   'D:\\Coding\\Next js\\Clerk Authentication\\clerk-authentication\\node_modules\\.bin\\nanoid.cmd',
95 silly reify   'D:\\Coding\\Next js\\Clerk Authentication\\clerk-authentication\\node_modules\\.bin\\nanoid.ps1'
95 silly reify ]
96 silly reify mark retired [
96 silly reify   'D:\\Coding\\Next js\\Clerk Authentication\\clerk-authentication\\node_modules\\resolve',
96 silly reify   'D:\\Coding\\Next js\\Clerk Authentication\\clerk-authentication\\node_modules\\.bin\\resolve',
96 silly reify   'D:\\Coding\\Next js\\Clerk Authentication\\clerk-authentication\\node_modules\\.bin\\resolve.cmd',
96 silly reify   'D:\\Coding\\Next js\\Clerk Authentication\\clerk-authentication\\node_modules\\.bin\\resolve.ps1'
96 silly reify ]
97 silly reify mark retired [
97 silly reify   'D:\\Coding\\Next js\\Clerk Authentication\\clerk-authentication\\node_modules\\rimraf',
97 silly reify   'D:\\Coding\\Next js\\Clerk Authentication\\clerk-authentication\\node_modules\\.bin\\rimraf',
97 silly reify   'D:\\Coding\\Next js\\Clerk Authentication\\clerk-authentication\\node_modules\\.bin\\rimraf.cmd',
97 silly reify   'D:\\Coding\\Next js\\Clerk Authentication\\clerk-authentication\\node_modules\\.bin\\rimraf.ps1'
97 silly reify ]
98 silly reify mark retired [
98 silly reify   'D:\\Coding\\Next js\\Clerk Authentication\\clerk-authentication\\node_modules\\semver',
98 silly reify   'D:\\Coding\\Next js\\Clerk Authentication\\clerk-authentication\\node_modules\\.bin\\semver',
98 silly reify   'D:\\Coding\\Next js\\Clerk Authentication\\clerk-authentication\\node_modules\\.bin\\semver.cmd',
98 silly reify   'D:\\Coding\\Next js\\Clerk Authentication\\clerk-authentication\\node_modules\\.bin\\semver.ps1'
98 silly reify ]
99 silly reify mark retired [
99 silly reify   'D:\\Coding\\Next js\\Clerk Authentication\\clerk-authentication\\node_modules\\sucrase',
99 silly reify   'D:\\Coding\\Next js\\Clerk Authentication\\clerk-authentication\\node_modules\\.bin\\sucrase',
99 silly reify   'D:\\Coding\\Next js\\Clerk Authentication\\clerk-authentication\\node_modules\\.bin\\sucrase.cmd',
99 silly reify   'D:\\Coding\\Next js\\Clerk Authentication\\clerk-authentication\\node_modules\\.bin\\sucrase.ps1',
99 silly reify   'D:\\Coding\\Next js\\Clerk Authentication\\clerk-authentication\\node_modules\\.bin\\sucrase-node',
99 silly reify   'D:\\Coding\\Next js\\Clerk Authentication\\clerk-authentication\\node_modules\\.bin\\sucrase-node.cmd',
99 silly reify   'D:\\Coding\\Next js\\Clerk Authentication\\clerk-authentication\\node_modules\\.bin\\sucrase-node.ps1'
99 silly reify ]
100 silly reify mark retired [
100 silly reify   'D:\\Coding\\Next js\\Clerk Authentication\\clerk-authentication\\node_modules\\tailwindcss',
100 silly reify   'D:\\Coding\\Next js\\Clerk Authentication\\clerk-authentication\\node_modules\\.bin\\tailwind',
100 silly reify   'D:\\Coding\\Next js\\Clerk Authentication\\clerk-authentication\\node_modules\\.bin\\tailwind.cmd',
100 silly reify   'D:\\Coding\\Next js\\Clerk Authentication\\clerk-authentication\\node_modules\\.bin\\tailwind.ps1',
100 silly reify   'D:\\Coding\\Next js\\Clerk Authentication\\clerk-authentication\\node_modules\\.bin\\tailwindcss',
100 silly reify   'D:\\Coding\\Next js\\Clerk Authentication\\clerk-authentication\\node_modules\\.bin\\tailwindcss.cmd',
100 silly reify   'D:\\Coding\\Next js\\Clerk Authentication\\clerk-authentication\\node_modules\\.bin\\tailwindcss.ps1'
100 silly reify ]
101 silly reify mark retired [
101 silly reify   'D:\\Coding\\Next js\\Clerk Authentication\\clerk-authentication\\node_modules\\typescript',
101 silly reify   'D:\\Coding\\Next js\\Clerk Authentication\\clerk-authentication\\node_modules\\.bin\\tsc',
101 silly reify   'D:\\Coding\\Next js\\Clerk Authentication\\clerk-authentication\\node_modules\\.bin\\tsc.cmd',
101 silly reify   'D:\\Coding\\Next js\\Clerk Authentication\\clerk-authentication\\node_modules\\.bin\\tsc.ps1',
101 silly reify   'D:\\Coding\\Next js\\Clerk Authentication\\clerk-authentication\\node_modules\\.bin\\tsserver',
101 silly reify   'D:\\Coding\\Next js\\Clerk Authentication\\clerk-authentication\\node_modules\\.bin\\tsserver.cmd',
101 silly reify   'D:\\Coding\\Next js\\Clerk Authentication\\clerk-authentication\\node_modules\\.bin\\tsserver.ps1'
101 silly reify ]
102 silly reify mark retired [
102 silly reify   'D:\\Coding\\Next js\\Clerk Authentication\\clerk-authentication\\node_modules\\which',
102 silly reify   'D:\\Coding\\Next js\\Clerk Authentication\\clerk-authentication\\node_modules\\.bin\\node-which',
102 silly reify   'D:\\Coding\\Next js\\Clerk Authentication\\clerk-authentication\\node_modules\\.bin\\node-which.cmd',
102 silly reify   'D:\\Coding\\Next js\\Clerk Authentication\\clerk-authentication\\node_modules\\.bin\\node-which.ps1'
102 silly reify ]
103 silly reify mark retired [
103 silly reify   'D:\\Coding\\Next js\\Clerk Authentication\\clerk-authentication\\node_modules\\yaml',
103 silly reify   'D:\\Coding\\Next js\\Clerk Authentication\\clerk-authentication\\node_modules\\.bin\\yaml',
103 silly reify   'D:\\Coding\\Next js\\Clerk Authentication\\clerk-authentication\\node_modules\\.bin\\yaml.cmd',
103 silly reify   'D:\\Coding\\Next js\\Clerk Authentication\\clerk-authentication\\node_modules\\.bin\\yaml.ps1'
103 silly reify ]
104 silly reify moves {
104 silly reify   'D:\\Coding\\Next js\\Clerk Authentication\\clerk-authentication\\node_modules\\fsevents': 'D:\\Coding\\Next js\\Clerk Authentication\\clerk-authentication\\node_modules\\.fsevents-66KfWyty',
104 silly reify   'D:\\Coding\\Next js\\Clerk Authentication\\clerk-authentication\\node_modules\\next': 'D:\\Coding\\Next js\\Clerk Authentication\\clerk-authentication\\node_modules\\.next-YeTJUgps',
104 silly reify   'D:\\Coding\\Next js\\Clerk Authentication\\clerk-authentication\\node_modules\\@next\\swc-darwin-arm64': 'D:\\Coding\\Next js\\Clerk Authentication\\clerk-authentication\\node_modules\\@next\\.swc-darwin-arm64-hj96edww',
104 silly reify   'D:\\Coding\\Next js\\Clerk Authentication\\clerk-authentication\\node_modules\\@next\\swc-darwin-x64': 'D:\\Coding\\Next js\\Clerk Authentication\\clerk-authentication\\node_modules\\@next\\.swc-darwin-x64-UsisB8GH',
104 silly reify   'D:\\Coding\\Next js\\Clerk Authentication\\clerk-authentication\\node_modules\\@next\\swc-linux-arm64-gnu': 'D:\\Coding\\Next js\\Clerk Authentication\\clerk-authentication\\node_modules\\@next\\.swc-linux-arm64-gnu-YglSLV9e',
104 silly reify   'D:\\Coding\\Next js\\Clerk Authentication\\clerk-authentication\\node_modules\\@next\\swc-linux-arm64-musl': 'D:\\Coding\\Next js\\Clerk Authentication\\clerk-authentication\\node_modules\\@next\\.swc-linux-arm64-musl-eAvyPAAL',
104 silly reify   'D:\\Coding\\Next js\\Clerk Authentication\\clerk-authentication\\node_modules\\@next\\swc-linux-x64-gnu': 'D:\\Coding\\Next js\\Clerk Authentication\\clerk-authentication\\node_modules\\@next\\.swc-linux-x64-gnu-QfdoNmSb',
104 silly reify   'D:\\Coding\\Next js\\Clerk Authentication\\clerk-authentication\\node_modules\\@next\\swc-linux-x64-musl': 'D:\\Coding\\Next js\\Clerk Authentication\\clerk-authentication\\node_modules\\@next\\.swc-linux-x64-musl-Ecva8N4K',
104 silly reify   'D:\\Coding\\Next js\\Clerk Authentication\\clerk-authentication\\node_modules\\@next\\swc-win32-arm64-msvc': 'D:\\Coding\\Next js\\Clerk Authentication\\clerk-authentication\\node_modules\\@next\\.swc-win32-arm64-msvc-8tQrLI8v',
104 silly reify   'D:\\Coding\\Next js\\Clerk Authentication\\clerk-authentication\\node_modules\\@next\\swc-win32-ia32-msvc': 'D:\\Coding\\Next js\\Clerk Authentication\\clerk-authentication\\node_modules\\@next\\.swc-win32-ia32-msvc-Nn30buRC',
104 silly reify   'D:\\Coding\\Next js\\Clerk Authentication\\clerk-authentication\\node_modules\\acorn': 'D:\\Coding\\Next js\\Clerk Authentication\\clerk-authentication\\node_modules\\.acorn-HzLEEOa5',
104 silly reify   'D:\\Coding\\Next js\\Clerk Authentication\\clerk-authentication\\node_modules\\.bin\\acorn': 'D:\\Coding\\Next js\\Clerk Authentication\\clerk-authentication\\node_modules\\.bin\\.acorn-FlwMqRLV',
104 silly reify   'D:\\Coding\\Next js\\Clerk Authentication\\clerk-authentication\\node_modules\\.bin\\acorn.cmd': 'D:\\Coding\\Next js\\Clerk Authentication\\clerk-authentication\\node_modules\\.bin\\.acorn.cmd-SuQZcfdf',
104 silly reify   'D:\\Coding\\Next js\\Clerk Authentication\\clerk-authentication\\node_modules\\.bin\\acorn.ps1': 'D:\\Coding\\Next js\\Clerk Authentication\\clerk-authentication\\node_modules\\.bin\\.acorn.ps1-glC2EUdc',
104 silly reify   'D:\\Coding\\Next js\\Clerk Authentication\\clerk-authentication\\node_modules\\cssesc': 'D:\\Coding\\Next js\\Clerk Authentication\\clerk-authentication\\node_modules\\.cssesc-YQL5O6YR',
104 silly reify   'D:\\Coding\\Next js\\Clerk Authentication\\clerk-authentication\\node_modules\\.bin\\cssesc': 'D:\\Coding\\Next js\\Clerk Authentication\\clerk-authentication\\node_modules\\.bin\\.cssesc-S0kT5PSA',
104 silly reify   'D:\\Coding\\Next js\\Clerk Authentication\\clerk-authentication\\node_modules\\.bin\\cssesc.cmd': 'D:\\Coding\\Next js\\Clerk Authentication\\clerk-authentication\\node_modules\\.bin\\.cssesc.cmd-hwrUQmNR',
104 silly reify   'D:\\Coding\\Next js\\Clerk Authentication\\clerk-authentication\\node_modules\\.bin\\cssesc.ps1': 'D:\\Coding\\Next js\\Clerk Authentication\\clerk-authentication\\node_modules\\.bin\\.cssesc.ps1-hNKxBisE',
104 silly reify   'D:\\Coding\\Next js\\Clerk Authentication\\clerk-authentication\\node_modules\\eslint': 'D:\\Coding\\Next js\\Clerk Authentication\\clerk-authentication\\node_modules\\.eslint-9utQno7p',
104 silly reify   'D:\\Coding\\Next js\\Clerk Authentication\\clerk-authentication\\node_modules\\.bin\\eslint': 'D:\\Coding\\Next js\\Clerk Authentication\\clerk-authentication\\node_modules\\.bin\\.eslint-NSRFLeZW',
104 silly reify   'D:\\Coding\\Next js\\Clerk Authentication\\clerk-authentication\\node_modules\\.bin\\eslint.cmd': 'D:\\Coding\\Next js\\Clerk Authentication\\clerk-authentication\\node_modules\\.bin\\.eslint.cmd-zY223K8k',
104 silly reify   'D:\\Coding\\Next js\\Clerk Authentication\\clerk-authentication\\node_modules\\.bin\\eslint.ps1': 'D:\\Coding\\Next js\\Clerk Authentication\\clerk-authentication\\node_modules\\.bin\\.eslint.ps1-zOto7ltJ',
104 silly reify   'D:\\Coding\\Next js\\Clerk Authentication\\clerk-authentication\\node_modules\\eslint-plugin-import\\node_modules\\semver': 'D:\\Coding\\Next js\\Clerk Authentication\\clerk-authentication\\node_modules\\eslint-plugin-import\\node_modules\\.semver-hp7mVjzL',
104 silly reify   'D:\\Coding\\Next js\\Clerk Authentication\\clerk-authentication\\node_modules\\eslint-plugin-import\\node_modules\\.bin\\semver': 'D:\\Coding\\Next js\\Clerk Authentication\\clerk-authentication\\node_modules\\eslint-plugin-import\\node_modules\\.bin\\.semver-0GOeJlYj',
104 silly reify   'D:\\Coding\\Next js\\Clerk Authentication\\clerk-authentication\\node_modules\\eslint-plugin-import\\node_modules\\.bin\\semver.cmd': 'D:\\Coding\\Next js\\Clerk Authentication\\clerk-authentication\\node_modules\\eslint-plugin-import\\node_modules\\.bin\\.semver.cmd-l4LMx0rl',
104 silly reify   'D:\\Coding\\Next js\\Clerk Authentication\\clerk-authentication\\node_modules\\eslint-plugin-import\\node_modules\\.bin\\semver.ps1': 'D:\\Coding\\Next js\\Clerk Authentication\\clerk-authentication\\node_modules\\eslint-plugin-import\\node_modules\\.bin\\.semver.ps1-njcjxgjR',
104 silly reify   'D:\\Coding\\Next js\\Clerk Authentication\\clerk-authentication\\node_modules\\eslint-plugin-react\\node_modules\\resolve': 'D:\\Coding\\Next js\\Clerk Authentication\\clerk-authentication\\node_modules\\eslint-plugin-react\\node_modules\\.resolve-Dxva2miD',
104 silly reify   'D:\\Coding\\Next js\\Clerk Authentication\\clerk-authentication\\node_modules\\eslint-plugin-react\\node_modules\\.bin\\resolve': 'D:\\Coding\\Next js\\Clerk Authentication\\clerk-authentication\\node_modules\\eslint-plugin-react\\node_modules\\.bin\\.resolve-BALsmBMV',
104 silly reify   'D:\\Coding\\Next js\\Clerk Authentication\\clerk-authentication\\node_modules\\eslint-plugin-react\\node_modules\\.bin\\resolve.cmd': 'D:\\Coding\\Next js\\Clerk Authentication\\clerk-authentication\\node_modules\\eslint-plugin-react\\node_modules\\.bin\\.resolve.cmd-LeyYvoB0',
104 silly reify   'D:\\Coding\\Next js\\Clerk Authentication\\clerk-authentication\\node_modules\\eslint-plugin-react\\node_modules\\.bin\\resolve.ps1': 'D:\\Coding\\Next js\\Clerk Authentication\\clerk-authentication\\node_modules\\eslint-plugin-react\\node_modules\\.bin\\.resolve.ps1-G32WqcOx',
104 silly reify   'D:\\Coding\\Next js\\Clerk Authentication\\clerk-authentication\\node_modules\\eslint-plugin-react\\node_modules\\semver': 'D:\\Coding\\Next js\\Clerk Authentication\\clerk-authentication\\node_modules\\eslint-plugin-react\\node_modules\\.semver-DRevCieg',
104 silly reify   'D:\\Coding\\Next js\\Clerk Authentication\\clerk-authentication\\node_modules\\eslint-plugin-react\\node_modules\\.bin\\semver': 'D:\\Coding\\Next js\\Clerk Authentication\\clerk-authentication\\node_modules\\eslint-plugin-react\\node_modules\\.bin\\.semver-0sAWIKdb',
104 silly reify   'D:\\Coding\\Next js\\Clerk Authentication\\clerk-authentication\\node_modules\\eslint-plugin-react\\node_modules\\.bin\\semver.cmd': 'D:\\Coding\\Next js\\Clerk Authentication\\clerk-authentication\\node_modules\\eslint-plugin-react\\node_modules\\.bin\\.semver.cmd-EJDceR8k',
104 silly reify   'D:\\Coding\\Next js\\Clerk Authentication\\clerk-authentication\\node_modules\\eslint-plugin-react\\node_modules\\.bin\\semver.ps1': 'D:\\Coding\\Next js\\Clerk Authentication\\clerk-authentication\\node_modules\\eslint-plugin-react\\node_modules\\.bin\\.semver.ps1-hTtsRk6s',
104 silly reify   'D:\\Coding\\Next js\\Clerk Authentication\\clerk-authentication\\node_modules\\glob': 'D:\\Coding\\Next js\\Clerk Authentication\\clerk-authentication\\node_modules\\.glob-HfUNGBda',
104 silly reify   'D:\\Coding\\Next js\\Clerk Authentication\\clerk-authentication\\node_modules\\.bin\\glob': 'D:\\Coding\\Next js\\Clerk Authentication\\clerk-authentication\\node_modules\\.bin\\.glob-YHPsi68B',
104 silly reify   'D:\\Coding\\Next js\\Clerk Authentication\\clerk-authentication\\node_modules\\.bin\\glob.cmd': 'D:\\Coding\\Next js\\Clerk Authentication\\clerk-authentication\\node_modules\\.bin\\.glob.cmd-H5TQedVa',
104 silly reify   'D:\\Coding\\Next js\\Clerk Authentication\\clerk-authentication\\node_modules\\.bin\\glob.ps1': 'D:\\Coding\\Next js\\Clerk Authentication\\clerk-authentication\\node_modules\\.bin\\.glob.ps1-m2IkfJ2R',
104 silly reify   'D:\\Coding\\Next js\\Clerk Authentication\\clerk-authentication\\node_modules\\jiti': 'D:\\Coding\\Next js\\Clerk Authentication\\clerk-authentication\\node_modules\\.jiti-25HrwYwD',
104 silly reify   'D:\\Coding\\Next js\\Clerk Authentication\\clerk-authentication\\node_modules\\.bin\\jiti': 'D:\\Coding\\Next js\\Clerk Authentication\\clerk-authentication\\node_modules\\.bin\\.jiti-7xS4mqWI',
104 silly reify   'D:\\Coding\\Next js\\Clerk Authentication\\clerk-authentication\\node_modules\\.bin\\jiti.cmd': 'D:\\Coding\\Next js\\Clerk Authentication\\clerk-authentication\\node_modules\\.bin\\.jiti.cmd-uZvuGa2j',
104 silly reify   'D:\\Coding\\Next js\\Clerk Authentication\\clerk-authentication\\node_modules\\.bin\\jiti.ps1': 'D:\\Coding\\Next js\\Clerk Authentication\\clerk-authentication\\node_modules\\.bin\\.jiti.ps1-zeXN9W8x',
104 silly reify   'D:\\Coding\\Next js\\Clerk Authentication\\clerk-authentication\\node_modules\\js-yaml': 'D:\\Coding\\Next js\\Clerk Authentication\\clerk-authentication\\node_modules\\.js-yaml-DAO2MTyE',
104 silly reify   'D:\\Coding\\Next js\\Clerk Authentication\\clerk-authentication\\node_modules\\.bin\\js-yaml': 'D:\\Coding\\Next js\\Clerk Authentication\\clerk-authentication\\node_modules\\.bin\\.js-yaml-xgcTRa5n',
104 silly reify   'D:\\Coding\\Next js\\Clerk Authentication\\clerk-authentication\\node_modules\\.bin\\js-yaml.cmd': 'D:\\Coding\\Next js\\Clerk Authentication\\clerk-authentication\\node_modules\\.bin\\.js-yaml.cmd-iFHJ1HS0',
104 silly reify   'D:\\Coding\\Next js\\Clerk Authentication\\clerk-authentication\\node_modules\\.bin\\js-yaml.ps1': 'D:\\Coding\\Next js\\Clerk Authentication\\clerk-authentication\\node_modules\\.bin\\.js-yaml.ps1-ZUfSvm7H',
104 silly reify   'D:\\Coding\\Next js\\Clerk Authentication\\clerk-authentication\\node_modules\\json5': 'D:\\Coding\\Next js\\Clerk Authentication\\clerk-authentication\\node_modules\\.json5-cEUrgPY9',
104 silly reify   'D:\\Coding\\Next js\\Clerk Authentication\\clerk-authentication\\node_modules\\.bin\\json5': 'D:\\Coding\\Next js\\Clerk Authentication\\clerk-authentication\\node_modules\\.bin\\.json5-1TvQEdPX',
104 silly reify   'D:\\Coding\\Next js\\Clerk Authentication\\clerk-authentication\\node_modules\\.bin\\json5.cmd': 'D:\\Coding\\Next js\\Clerk Authentication\\clerk-authentication\\node_modules\\.bin\\.json5.cmd-5wIfCT9o',
104 silly reify   'D:\\Coding\\Next js\\Clerk Authentication\\clerk-authentication\\node_modules\\.bin\\json5.ps1': 'D:\\Coding\\Next js\\Clerk Authentication\\clerk-authentication\\node_modules\\.bin\\.json5.ps1-rvgrKijn',
104 silly reify   'D:\\Coding\\Next js\\Clerk Authentication\\clerk-authentication\\node_modules\\loose-envify': 'D:\\Coding\\Next js\\Clerk Authentication\\clerk-authentication\\node_modules\\.loose-envify-19Ed4Yol',
104 silly reify   'D:\\Coding\\Next js\\Clerk Authentication\\clerk-authentication\\node_modules\\.bin\\loose-envify': 'D:\\Coding\\Next js\\Clerk Authentication\\clerk-authentication\\node_modules\\.bin\\.loose-envify-63OcNivR',
104 silly reify   'D:\\Coding\\Next js\\Clerk Authentication\\clerk-authentication\\node_modules\\.bin\\loose-envify.cmd': 'D:\\Coding\\Next js\\Clerk Authentication\\clerk-authentication\\node_modules\\.bin\\.loose-envify.cmd-9WR5sAdm',
104 silly reify   'D:\\Coding\\Next js\\Clerk Authentication\\clerk-authentication\\node_modules\\.bin\\loose-envify.ps1': 'D:\\Coding\\Next js\\Clerk Authentication\\clerk-authentication\\node_modules\\.bin\\.loose-envify.ps1-na74ueCg',
104 silly reify   'D:\\Coding\\Next js\\Clerk Authentication\\clerk-authentication\\node_modules\\nanoid': 'D:\\Coding\\Next js\\Clerk Authentication\\clerk-authentication\\node_modules\\.nanoid-ENr5GaBE',
104 silly reify   'D:\\Coding\\Next js\\Clerk Authentication\\clerk-authentication\\node_modules\\.bin\\nanoid': 'D:\\Coding\\Next js\\Clerk Authentication\\clerk-authentication\\node_modules\\.bin\\.nanoid-DpGU0NFY',
104 silly reify   'D:\\Coding\\Next js\\Clerk Authentication\\clerk-authentication\\node_modules\\.bin\\nanoid.cmd': 'D:\\Coding\\Next js\\Clerk Authentication\\clerk-authentication\\node_modules\\.bin\\.nanoid.cmd-xZTX6dG8',
104 silly reify   'D:\\Coding\\Next js\\Clerk Authentication\\clerk-authentication\\node_modules\\.bin\\nanoid.ps1': 'D:\\Coding\\Next js\\Clerk Authentication\\clerk-authentication\\node_modules\\.bin\\.nanoid.ps1-ylMGS6uA',
104 silly reify   'D:\\Coding\\Next js\\Clerk Authentication\\clerk-authentication\\node_modules\\resolve': 'D:\\Coding\\Next js\\Clerk Authentication\\clerk-authentication\\node_modules\\.resolve-b3VmdD5d',
104 silly reify   'D:\\Coding\\Next js\\Clerk Authentication\\clerk-authentication\\node_modules\\.bin\\resolve': 'D:\\Coding\\Next js\\Clerk Authentication\\clerk-authentication\\node_modules\\.bin\\.resolve-0rLFWQli',
104 silly reify   'D:\\Coding\\Next js\\Clerk Authentication\\clerk-authentication\\node_modules\\.bin\\resolve.cmd': 'D:\\Coding\\Next js\\Clerk Authentication\\clerk-authentication\\node_modules\\.bin\\.resolve.cmd-Fet0Tkd8',
104 silly reify   'D:\\Coding\\Next js\\Clerk Authentication\\clerk-authentication\\node_modules\\.bin\\resolve.ps1': 'D:\\Coding\\Next js\\Clerk Authentication\\clerk-authentication\\node_modules\\.bin\\.resolve.ps1-F1NB7b4t',
104 silly reify   'D:\\Coding\\Next js\\Clerk Authentication\\clerk-authentication\\node_modules\\rimraf': 'D:\\Coding\\Next js\\Clerk Authentication\\clerk-authentication\\node_modules\\.rimraf-6HlMX5PP',
104 silly reify   'D:\\Coding\\Next js\\Clerk Authentication\\clerk-authentication\\node_modules\\.bin\\rimraf': 'D:\\Coding\\Next js\\Clerk Authentication\\clerk-authentication\\node_modules\\.bin\\.rimraf-5SHTELAA',
104 silly reify   'D:\\Coding\\Next js\\Clerk Authentication\\clerk-authentication\\node_modules\\.bin\\rimraf.cmd': 'D:\\Coding\\Next js\\Clerk Authentication\\clerk-authentication\\node_modules\\.bin\\.rimraf.cmd-1icDPihh',
104 silly reify   'D:\\Coding\\Next js\\Clerk Authentication\\clerk-authentication\\node_modules\\.bin\\rimraf.ps1': 'D:\\Coding\\Next js\\Clerk Authentication\\clerk-authentication\\node_modules\\.bin\\.rimraf.ps1-eqKysJJO',
104 silly reify   'D:\\Coding\\Next js\\Clerk Authentication\\clerk-authentication\\node_modules\\semver': 'D:\\Coding\\Next js\\Clerk Authentication\\clerk-authentication\\node_modules\\.semver-OsDa71LB',
104 silly reify   'D:\\Coding\\Next js\\Clerk Authentication\\clerk-authentication\\node_modules\\.bin\\semver': 'D:\\Coding\\Next js\\Clerk Authentication\\clerk-authentication\\node_modules\\.bin\\.semver-3CxC33zv',
104 silly reify   'D:\\Coding\\Next js\\Clerk Authentication\\clerk-authentication\\node_modules\\.bin\\semver.cmd': 'D:\\Coding\\Next js\\Clerk Authentication\\clerk-authentication\\node_modules\\.bin\\.semver.cmd-kxK8xG8K',
104 silly reify   'D:\\Coding\\Next js\\Clerk Authentication\\clerk-authentication\\node_modules\\.bin\\semver.ps1': 'D:\\Coding\\Next js\\Clerk Authentication\\clerk-authentication\\node_modules\\.bin\\.semver.ps1-gnBghIqf',
104 silly reify   'D:\\Coding\\Next js\\Clerk Authentication\\clerk-authentication\\node_modules\\sucrase': 'D:\\Coding\\Next js\\Clerk Authentication\\clerk-authentication\\node_modules\\.sucrase-HzWjycIg',
104 silly reify   'D:\\Coding\\Next js\\Clerk Authentication\\clerk-authentication\\node_modules\\.bin\\sucrase': 'D:\\Coding\\Next js\\Clerk Authentication\\clerk-authentication\\node_modules\\.bin\\.sucrase-f5SUXURj',
104 silly reify   'D:\\Coding\\Next js\\Clerk Authentication\\clerk-authentication\\node_modules\\.bin\\sucrase.cmd': 'D:\\Coding\\Next js\\Clerk Authentication\\clerk-authentication\\node_modules\\.bin\\.sucrase.cmd-sd7wnZ3f',
104 silly reify   'D:\\Coding\\Next js\\Clerk Authentication\\clerk-authentication\\node_modules\\.bin\\sucrase.ps1': 'D:\\Coding\\Next js\\Clerk Authentication\\clerk-authentication\\node_modules\\.bin\\.sucrase.ps1-9xyllZkb',
104 silly reify   'D:\\Coding\\Next js\\Clerk Authentication\\clerk-authentication\\node_modules\\.bin\\sucrase-node': 'D:\\Coding\\Next js\\Clerk Authentication\\clerk-authentication\\node_modules\\.bin\\.sucrase-node-Y80HyxN9',
104 silly reify   'D:\\Coding\\Next js\\Clerk Authentication\\clerk-authentication\\node_modules\\.bin\\sucrase-node.cmd': 'D:\\Coding\\Next js\\Clerk Authentication\\clerk-authentication\\node_modules\\.bin\\.sucrase-node.cmd-37PrbEYP',
104 silly reify   'D:\\Coding\\Next js\\Clerk Authentication\\clerk-authentication\\node_modules\\.bin\\sucrase-node.ps1': 'D:\\Coding\\Next js\\Clerk Authentication\\clerk-authentication\\node_modules\\.bin\\.sucrase-node.ps1-QYIunEdm',
104 silly reify   'D:\\Coding\\Next js\\Clerk Authentication\\clerk-authentication\\node_modules\\tailwindcss': 'D:\\Coding\\Next js\\Clerk Authentication\\clerk-authentication\\node_modules\\.tailwindcss-XRLwmW23',
104 silly reify   'D:\\Coding\\Next js\\Clerk Authentication\\clerk-authentication\\node_modules\\.bin\\tailwind': 'D:\\Coding\\Next js\\Clerk Authentication\\clerk-authentication\\node_modules\\.bin\\.tailwind-ijZQUKac',
104 silly reify   'D:\\Coding\\Next js\\Clerk Authentication\\clerk-authentication\\node_modules\\.bin\\tailwind.cmd': 'D:\\Coding\\Next js\\Clerk Authentication\\clerk-authentication\\node_modules\\.bin\\.tailwind.cmd-RHlVf4ma',
104 silly reify   'D:\\Coding\\Next js\\Clerk Authentication\\clerk-authentication\\node_modules\\.bin\\tailwind.ps1': 'D:\\Coding\\Next js\\Clerk Authentication\\clerk-authentication\\node_modules\\.bin\\.tailwind.ps1-RKZ7szVx',
104 silly reify   'D:\\Coding\\Next js\\Clerk Authentication\\clerk-authentication\\node_modules\\.bin\\tailwindcss': 'D:\\Coding\\Next js\\Clerk Authentication\\clerk-authentication\\node_modules\\.bin\\.tailwindcss-0am6SWTy',
104 silly reify   'D:\\Coding\\Next js\\Clerk Authentication\\clerk-authentication\\node_modules\\.bin\\tailwindcss.cmd': 'D:\\Coding\\Next js\\Clerk Authentication\\clerk-authentication\\node_modules\\.bin\\.tailwindcss.cmd-eztuDxwb',
104 silly reify   'D:\\Coding\\Next js\\Clerk Authentication\\clerk-authentication\\node_modules\\.bin\\tailwindcss.ps1': 'D:\\Coding\\Next js\\Clerk Authentication\\clerk-authentication\\node_modules\\.bin\\.tailwindcss.ps1-Byh9U7Ex',
104 silly reify   'D:\\Coding\\Next js\\Clerk Authentication\\clerk-authentication\\node_modules\\typescript': 'D:\\Coding\\Next js\\Clerk Authentication\\clerk-authentication\\node_modules\\.typescript-tdnEeSHf',
104 silly reify   'D:\\Coding\\Next js\\Clerk Authentication\\clerk-authentication\\node_modules\\.bin\\tsc': 'D:\\Coding\\Next js\\Clerk Authentication\\clerk-authentication\\node_modules\\.bin\\.tsc-0xgj0Bx3',
104 silly reify   'D:\\Coding\\Next js\\Clerk Authentication\\clerk-authentication\\node_modules\\.bin\\tsc.cmd': 'D:\\Coding\\Next js\\Clerk Authentication\\clerk-authentication\\node_modules\\.bin\\.tsc.cmd-rvQ8wotX',
104 silly reify   'D:\\Coding\\Next js\\Clerk Authentication\\clerk-authentication\\node_modules\\.bin\\tsc.ps1': 'D:\\Coding\\Next js\\Clerk Authentication\\clerk-authentication\\node_modules\\.bin\\.tsc.ps1-tyGRmiq5',
104 silly reify   'D:\\Coding\\Next js\\Clerk Authentication\\clerk-authentication\\node_modules\\.bin\\tsserver': 'D:\\Coding\\Next js\\Clerk Authentication\\clerk-authentication\\node_modules\\.bin\\.tsserver-T1pj96Uu',
104 silly reify   'D:\\Coding\\Next js\\Clerk Authentication\\clerk-authentication\\node_modules\\.bin\\tsserver.cmd': 'D:\\Coding\\Next js\\Clerk Authentication\\clerk-authentication\\node_modules\\.bin\\.tsserver.cmd-zafQLFkJ',
104 silly reify   'D:\\Coding\\Next js\\Clerk Authentication\\clerk-authentication\\node_modules\\.bin\\tsserver.ps1': 'D:\\Coding\\Next js\\Clerk Authentication\\clerk-authentication\\node_modules\\.bin\\.tsserver.ps1-MscyrIsf',
104 silly reify   'D:\\Coding\\Next js\\Clerk Authentication\\clerk-authentication\\node_modules\\which': 'D:\\Coding\\Next js\\Clerk Authentication\\clerk-authentication\\node_modules\\.which-89lgdGXp',
104 silly reify   'D:\\Coding\\Next js\\Clerk Authentication\\clerk-authentication\\node_modules\\.bin\\node-which': 'D:\\Coding\\Next js\\Clerk Authentication\\clerk-authentication\\node_modules\\.bin\\.node-which-5mPj60Vz',
104 silly reify   'D:\\Coding\\Next js\\Clerk Authentication\\clerk-authentication\\node_modules\\.bin\\node-which.cmd': 'D:\\Coding\\Next js\\Clerk Authentication\\clerk-authentication\\node_modules\\.bin\\.node-which.cmd-tFb0xL3U',
104 silly reify   'D:\\Coding\\Next js\\Clerk Authentication\\clerk-authentication\\node_modules\\.bin\\node-which.ps1': 'D:\\Coding\\Next js\\Clerk Authentication\\clerk-authentication\\node_modules\\.bin\\.node-which.ps1-3kV4J7tJ',
104 silly reify   'D:\\Coding\\Next js\\Clerk Authentication\\clerk-authentication\\node_modules\\yaml': 'D:\\Coding\\Next js\\Clerk Authentication\\clerk-authentication\\node_modules\\.yaml-3qjVNvxc',
104 silly reify   'D:\\Coding\\Next js\\Clerk Authentication\\clerk-authentication\\node_modules\\.bin\\yaml': 'D:\\Coding\\Next js\\Clerk Authentication\\clerk-authentication\\node_modules\\.bin\\.yaml-t0OWikaZ',
104 silly reify   'D:\\Coding\\Next js\\Clerk Authentication\\clerk-authentication\\node_modules\\.bin\\yaml.cmd': 'D:\\Coding\\Next js\\Clerk Authentication\\clerk-authentication\\node_modules\\.bin\\.yaml.cmd-fX9oHvAs',
104 silly reify   'D:\\Coding\\Next js\\Clerk Authentication\\clerk-authentication\\node_modules\\.bin\\yaml.ps1': 'D:\\Coding\\Next js\\Clerk Authentication\\clerk-authentication\\node_modules\\.bin\\.yaml.ps1-MXdcIUpg'
104 silly reify }
105 silly audit bulk request {
105 silly audit   postcss: [ '8.4.39', '8.4.31' ],
105 silly audit   acorn: [ '8.12.1' ],
105 silly audit   'acorn-jsx': [ '5.3.2' ],
105 silly audit   ajv: [ '6.12.6' ],
105 silly audit   'ansi-regex': [ '5.0.1', '6.0.1' ],
105 silly audit   'ansi-styles': [ '4.3.0', '6.2.1' ],
105 silly audit   'any-promise': [ '1.3.0' ],
105 silly audit   anymatch: [ '3.1.3' ],
105 silly audit   arg: [ '5.0.2' ],
105 silly audit   argparse: [ '2.0.1' ],
105 silly audit   'aria-query': [ '5.1.3' ],
105 silly audit   'array-buffer-byte-length': [ '1.0.1' ],
105 silly audit   'array-includes': [ '3.1.8' ],
105 silly audit   'array-union': [ '2.1.0' ],
105 silly audit   'array.prototype.findlast': [ '1.2.5' ],
105 silly audit   'array.prototype.findlastindex': [ '1.2.5' ],
105 silly audit   'array.prototype.flat': [ '1.3.2' ],
105 silly audit   'array.prototype.flatmap': [ '1.3.2' ],
105 silly audit   'array.prototype.toreversed': [ '1.1.2' ],
105 silly audit   'arraybuffer.prototype.slice': [ '1.0.3' ],
105 silly audit   'array.prototype.tosorted': [ '1.1.4' ],
105 silly audit   'ast-types-flow': [ '0.0.8' ],
105 silly audit   'available-typed-arrays': [ '1.0.7' ],
105 silly audit   'axe-core': [ '4.9.1' ],
105 silly audit   'axobject-query': [ '3.1.1' ],
105 silly audit   'balanced-match': [ '1.0.2' ],
105 silly audit   'binary-extensions': [ '2.3.0' ],
105 silly audit   'brace-expansion': [ '1.1.11', '2.0.1' ],
105 silly audit   braces: [ '3.0.3' ],
105 silly audit   busboy: [ '1.6.0' ],
105 silly audit   'call-bind': [ '1.0.7' ],
105 silly audit   callsites: [ '3.1.0' ],
105 silly audit   'camelcase-css': [ '2.0.1' ],
105 silly audit   'caniuse-lite': [ '1.0.30001640' ],
105 silly audit   chalk: [ '4.1.2' ],
105 silly audit   chokidar: [ '3.6.0' ],
105 silly audit   'glob-parent': [ '5.1.2', '6.0.2' ],
105 silly audit   'client-only': [ '0.0.1' ],
105 silly audit   'color-convert': [ '2.0.1' ],
105 silly audit   'color-name': [ '1.1.4' ],
105 silly audit   commander: [ '4.1.1' ],
105 silly audit   'concat-map': [ '0.0.1' ],
105 silly audit   'cross-spawn': [ '7.0.3' ],
105 silly audit   cssesc: [ '3.0.0' ],
105 silly audit   csstype: [ '3.1.3' ],
105 silly audit   'damerau-levenshtein': [ '1.0.8' ],
105 silly audit   'data-view-buffer': [ '1.0.1' ],
105 silly audit   'data-view-byte-length': [ '1.0.1' ],
105 silly audit   'data-view-byte-offset': [ '1.0.0' ],
105 silly audit   debug: [ '4.3.5', '3.2.7' ],
105 silly audit   'deep-equal': [ '2.2.3' ],
105 silly audit   'deep-is': [ '0.1.4' ],
105 silly audit   'define-data-property': [ '1.1.4' ],
105 silly audit   'define-properties': [ '1.2.1' ],
105 silly audit   didyoumean: [ '1.2.2' ],
105 silly audit   'dir-glob': [ '3.0.1' ],
105 silly audit   dlv: [ '1.1.3' ],
105 silly audit   doctrine: [ '3.0.0', '2.1.0' ],
105 silly audit   eastasianwidth: [ '0.2.0' ],
105 silly audit   'emoji-regex': [ '9.2.2', '8.0.0' ],
105 silly audit   'enhanced-resolve': [ '5.17.0' ],
105 silly audit   'es-define-property': [ '1.0.0' ],
105 silly audit   'es-errors': [ '1.3.0' ],
105 silly audit   'es-get-iterator': [ '1.1.3' ],
105 silly audit   'es-iterator-helpers': [ '1.0.19' ],
105 silly audit   'es-object-atoms': [ '1.0.0' ],
105 silly audit   'es-set-tostringtag': [ '2.0.3' ],
105 silly audit   'es-shim-unscopables': [ '1.0.2' ],
105 silly audit   'es-to-primitive': [ '1.2.1' ],
105 silly audit   'escape-string-regexp': [ '4.0.0' ],
105 silly audit   eslint: [ '8.57.0' ],
105 silly audit   'eslint-config-next': [ '14.2.4' ],
105 silly audit   'eslint-import-resolver-node': [ '0.3.9' ],
105 silly audit   'eslint-import-resolver-typescript': [ '3.6.1' ],
105 silly audit   'eslint-module-utils': [ '2.8.1' ],
105 silly audit   'eslint-plugin-import': [ '2.29.1' ],
105 silly audit   semver: [ '6.3.1', '7.6.2' ],
105 silly audit   'eslint-plugin-jsx-a11y': [ '6.9.0' ],
105 silly audit   'eslint-plugin-react': [ '7.34.3' ],
105 silly audit   resolve: [ '2.0.0-next.5', '1.22.8' ],
105 silly audit   'eslint-plugin-react-hooks': [ '4.6.2' ],
105 silly audit   'eslint-scope': [ '7.2.2' ],
105 silly audit   'eslint-visitor-keys': [ '3.4.3' ],
105 silly audit   espree: [ '9.6.1' ],
105 silly audit   esquery: [ '1.5.0' ],
105 silly audit   esrecurse: [ '4.3.0' ],
105 silly audit   estraverse: [ '5.3.0' ],
105 silly audit   esutils: [ '2.0.3' ],
105 silly audit   'fast-deep-equal': [ '3.1.3' ],
105 silly audit   'fast-glob': [ '3.3.2' ],
105 silly audit   'fast-json-stable-stringify': [ '2.1.0' ],
105 silly audit   'fast-levenshtein': [ '2.0.6' ],
105 silly audit   fastq: [ '1.17.1' ],
105 silly audit   'file-entry-cache': [ '6.0.1' ],
105 silly audit   'fill-range': [ '7.1.1' ],
105 silly audit   'find-up': [ '5.0.0' ],
105 silly audit   'flat-cache': [ '3.2.0' ],
105 silly audit   flatted: [ '3.3.1' ],
105 silly audit   'for-each': [ '0.3.3' ],
105 silly audit   'foreground-child': [ '3.2.1' ],
105 silly audit   'fs.realpath': [ '1.0.0' ],
105 silly audit   'function-bind': [ '1.1.2' ],
105 silly audit   'function.prototype.name': [ '1.1.6' ],
105 silly audit   'functions-have-names': [ '1.2.3' ],
105 silly audit   'get-intrinsic': [ '1.2.4' ],
105 silly audit   'get-symbol-description': [ '1.0.2' ],
105 silly audit   'get-tsconfig': [ '4.7.5' ],
105 silly audit   glob: [ '10.3.10', '7.2.3' ],
105 silly audit   minimatch: [ '9.0.5', '3.1.2', '9.0.3' ],
105 silly audit   globals: [ '13.24.0' ],
105 silly audit   globalthis: [ '1.0.4' ],
105 silly audit   globby: [ '11.1.0' ],
105 silly audit   gopd: [ '1.0.1' ],
105 silly audit   'graceful-fs': [ '4.2.11' ],
105 silly audit   graphemer: [ '1.4.0' ],
105 silly audit   'has-bigints': [ '1.0.2' ],
105 silly audit   'has-flag': [ '4.0.0' ],
105 silly audit   'has-property-descriptors': [ '1.0.2' ],
105 silly audit   'has-proto': [ '1.0.3' ],
105 silly audit   'has-symbols': [ '1.0.3' ],
105 silly audit   'has-tostringtag': [ '1.0.2' ],
105 silly audit   hasown: [ '2.0.2' ],
105 silly audit   ignore: [ '5.3.1' ],
105 silly audit   imurmurhash: [ '0.1.4' ],
105 silly audit   'import-fresh': [ '3.3.0' ],
105 silly audit   inflight: [ '1.0.6' ],
105 silly audit   'internal-slot': [ '1.0.7' ],
105 silly audit   inherits: [ '2.0.4' ],
105 silly audit   'is-arguments': [ '1.1.1' ],
105 silly audit   'is-array-buffer': [ '3.0.4' ],
105 silly audit   'is-async-function': [ '2.0.0' ],
105 silly audit   'is-bigint': [ '1.0.4' ],
105 silly audit   'is-binary-path': [ '2.1.0' ],
105 silly audit   'is-boolean-object': [ '1.1.2' ],
105 silly audit   'is-callable': [ '1.2.7' ],
105 silly audit   'is-core-module': [ '2.14.0' ],
105 silly audit   'is-data-view': [ '1.0.1' ],
105 silly audit   'is-extglob': [ '2.1.1' ],
105 silly audit   'is-date-object': [ '1.0.5' ],
105 silly audit   'is-finalizationregistry': [ '1.0.2' ],
105 silly audit   'is-fullwidth-code-point': [ '3.0.0' ],
105 silly audit   'is-generator-function': [ '1.0.10' ],
105 silly audit   'is-glob': [ '4.0.3' ],
105 silly audit   'is-map': [ '2.0.3' ],
105 silly audit   'is-negative-zero': [ '2.0.3' ],
105 silly audit   'is-number': [ '7.0.0' ],
105 silly audit   'is-number-object': [ '1.0.7' ],
105 silly audit   'is-path-inside': [ '3.0.3' ],
105 silly audit   'is-regex': [ '1.1.4' ],
105 silly audit   'is-set': [ '2.0.3' ],
105 silly audit   'is-shared-array-buffer': [ '1.0.3' ],
105 silly audit   'is-string': [ '1.0.7' ],
105 silly audit   'is-symbol': [ '1.0.4' ],
105 silly audit   'is-typed-array': [ '1.1.13' ],
105 silly audit   'is-weakmap': [ '2.0.2' ],
105 silly audit   'is-weakref': [ '1.0.2' ],
105 silly audit   'is-weakset': [ '2.0.3' ],
105 silly audit   isarray: [ '2.0.5' ],
105 silly audit   isexe: [ '2.0.0' ],
105 silly audit   'iterator.prototype': [ '1.1.2' ],
105 silly audit   jackspeak: [ '2.3.6' ],
105 silly audit   jiti: [ '1.21.6' ],
105 silly audit   'js-tokens': [ '4.0.0' ],
105 silly audit   'js-yaml': [ '4.1.0' ],
105 silly audit   'json-buffer': [ '3.0.1' ],
105 silly audit   'json-schema-traverse': [ '0.4.1' ],
105 silly audit   'json-stable-stringify-without-jsonify': [ '1.0.1' ],
105 silly audit   json5: [ '1.0.2' ],
105 silly audit   'jsx-ast-utils': [ '3.3.5' ],
105 silly audit   keyv: [ '4.5.4' ],
105 silly audit   'language-subtag-registry': [ '0.3.23' ],
105 silly audit   'language-tags': [ '1.0.9' ],
105 silly audit   levn: [ '0.4.1' ],
105 silly audit   lilconfig: [ '2.1.0', '3.1.2' ],
105 silly audit   'lines-and-columns': [ '1.2.4' ],
105 silly audit   'locate-path': [ '6.0.0' ],
105 silly audit   'lodash.merge': [ '4.6.2' ],
105 silly audit   'loose-envify': [ '1.4.0' ],
105 silly audit   'lru-cache': [ '10.4.0' ],
105 silly audit   merge2: [ '1.4.1' ],
105 silly audit   micromatch: [ '4.0.7' ],
105 silly audit   minimist: [ '1.2.8' ],
105 silly audit   ms: [ '2.1.2' ],
105 silly audit   mz: [ '2.7.0' ],
105 silly audit   minipass: [ '7.1.2' ],
105 silly audit   nanoid: [ '3.3.7' ],
105 silly audit   'normalize-path': [ '3.0.0' ],
105 silly audit   'object-assign': [ '4.1.1' ],
105 silly audit   'object-hash': [ '3.0.0' ],
105 silly audit   'object-inspect': [ '1.13.2' ],
105 silly audit   'object-is': [ '1.1.6' ],
105 silly audit   'object-keys': [ '1.1.1' ],
105 silly audit   'object.assign': [ '4.1.5' ],
105 silly audit   'object.entries': [ '1.1.8' ],
105 silly audit   'object.fromentries': [ '2.0.8' ],
105 silly audit   'object.groupby': [ '1.0.3' ],
105 silly audit   'object.hasown': [ '1.1.4' ],
105 silly audit   'object.values': [ '1.2.0' ],
105 silly audit   'natural-compare': [ '1.4.0' ],
105 silly audit   optionator: [ '0.9.4' ],
105 silly audit   once: [ '1.4.0' ],
105 silly audit   'p-limit': [ '3.1.0' ],
105 silly audit   'p-locate': [ '5.0.0' ],
105 silly audit   'parent-module': [ '1.0.1' ],
105 silly audit   'path-exists': [ '4.0.0' ],
105 silly audit   'path-is-absolute': [ '1.0.1' ],
105 silly audit   'path-key': [ '3.1.1' ],
105 silly audit   'path-parse': [ '1.0.7' ],
105 silly audit   'path-scurry': [ '1.11.1' ],
105 silly audit   'path-type': [ '4.0.0' ],
105 silly audit   picocolors: [ '1.0.1' ],
105 silly audit   picomatch: [ '2.3.1' ],
105 silly audit   pify: [ '2.3.0' ],
105 silly audit   pirates: [ '4.0.6' ],
105 silly audit   'possible-typed-array-names': [ '1.0.0' ],
105 silly audit   'postcss-import': [ '15.1.0' ],
105 silly audit   'postcss-js': [ '4.0.1' ],
105 silly audit   'postcss-load-config': [ '4.0.2' ],
105 silly audit   'postcss-nested': [ '6.0.1' ],
105 silly audit   'postcss-selector-parser': [ '6.1.0' ],
105 silly audit   'postcss-value-parser': [ '4.2.0' ],
105 silly audit   'prelude-ls': [ '1.2.1' ],
105 silly audit   'prop-types': [ '15.8.1' ],
105 silly audit   punycode: [ '2.3.1' ],
105 silly audit   'queue-microtask': [ '1.2.3' ],
105 silly audit   react: [ '18.3.1' ],
105 silly audit   'react-dom': [ '18.3.1' ],
105 silly audit   'react-is': [ '16.13.1' ],
105 silly audit   'read-cache': [ '1.0.0' ],
105 silly audit   readdirp: [ '3.6.0' ],
105 silly audit   'reflect.getprototypeof': [ '1.0.6' ],
105 silly audit   'regexp.prototype.flags': [ '1.5.2' ],
105 silly audit   'resolve-from': [ '4.0.0' ],
105 silly audit   'resolve-pkg-maps': [ '1.0.0' ],
105 silly audit   reusify: [ '1.0.4' ],
105 silly audit   rimraf: [ '3.0.2' ],
105 silly audit   'run-parallel': [ '1.2.0' ],
105 silly audit   'safe-array-concat': [ '1.1.2' ],
105 silly audit   'safe-regex-test': [ '1.0.3' ],
105 silly audit   scheduler: [ '0.23.2' ],
105 silly audit   'set-function-length': [ '1.2.2' ],
105 silly audit   'set-function-name': [ '2.0.2' ],
105 silly audit   'shebang-command': [ '2.0.0' ],
105 silly audit   'shebang-regex': [ '3.0.0' ],
105 silly audit   'side-channel': [ '1.0.6' ],
105 silly audit   'signal-exit': [ '4.1.0' ],
105 silly audit   slash: [ '3.0.0' ],
105 silly audit   'source-map-js': [ '1.2.0' ],
105 silly audit   'stop-iteration-iterator': [ '1.0.0' ],
105 silly audit   streamsearch: [ '1.1.0' ],
105 silly audit   'string-width': [ '5.1.2', '4.2.3' ],
105 silly audit   'strip-ansi': [ '7.1.0', '6.0.1' ],
105 silly audit   'string.prototype.includes': [ '2.0.0' ],
105 silly audit   'string.prototype.matchall': [ '4.0.11' ],
105 silly audit   'string.prototype.trim': [ '1.2.9' ],
105 silly audit   'string.prototype.trimend': [ '1.0.8' ],
105 silly audit   'string.prototype.trimstart': [ '1.0.8' ],
105 silly audit   'strip-bom': [ '3.0.0' ],
105 silly audit   'strip-json-comments': [ '3.1.1' ],
105 silly audit   'styled-jsx': [ '5.1.1' ],
105 silly audit   sucrase: [ '3.35.0' ],
105 silly audit   'supports-color': [ '7.2.0' ],
105 silly audit   'supports-preserve-symlinks-flag': [ '1.0.0' ],
105 silly audit   tailwindcss: [ '3.4.4' ],
105 silly audit   tapable: [ '2.2.1' ],
105 silly audit   'text-table': [ '0.2.0' ],
105 silly audit   thenify: [ '3.3.1' ],
105 silly audit   'thenify-all': [ '1.6.0' ],
105 silly audit   'to-regex-range': [ '5.0.1' ],
105 silly audit   'ts-api-utils': [ '1.3.0' ],
105 silly audit   'ts-interface-checker': [ '0.1.13' ],
105 silly audit   tslib: [ '2.6.3' ],
105 silly audit   'type-check': [ '0.4.0' ],
105 silly audit   'type-fest': [ '0.20.2' ],
105 silly audit   'typed-array-buffer': [ '1.0.2' ],
105 silly audit   'typed-array-byte-offset': [ '1.0.2' ],
105 silly audit   'typed-array-byte-length': [ '1.0.1' ],
105 silly audit   'typed-array-length': [ '1.0.6' ],
105 silly audit   typescript: [ '5.5.3' ],
105 silly audit   'unbox-primitive': [ '1.0.2' ],
105 silly audit   'tsconfig-paths': [ '3.15.0' ],
105 silly audit   'undici-types': [ '5.26.5' ],
105 silly audit   'uri-js': [ '4.4.1' ],
105 silly audit   'util-deprecate': [ '1.0.2' ],
105 silly audit   which: [ '2.0.2' ],
105 silly audit   'which-boxed-primitive': [ '1.0.2' ],
105 silly audit   'which-builtin-type': [ '1.1.3' ],
105 silly audit   'which-collection': [ '1.0.2' ],
105 silly audit   'which-typed-array': [ '1.1.15' ],
105 silly audit   'word-wrap': [ '1.2.5' ],
105 silly audit   'wrap-ansi': [ '8.1.0', '7.0.0' ],
105 silly audit   wrappy: [ '1.0.2' ],
105 silly audit   yaml: [ '2.4.5' ],
105 silly audit   'yocto-queue': [ '0.1.0' ],
105 silly audit   '@alloc/quick-lru': [ '5.2.0' ],
105 silly audit   '@eslint/eslintrc': [ '2.1.4' ],
105 silly audit   '@eslint/js': [ '8.57.0' ],
105 silly audit   '@eslint-community/eslint-utils': [ '4.4.0' ],
105 silly audit   '@eslint-community/regexpp': [ '4.11.0' ],
105 silly audit   '@humanwhocodes/config-array': [ '0.11.14' ],
105 silly audit   '@humanwhocodes/module-importer': [ '1.0.1' ],
105 silly audit   '@humanwhocodes/object-schema': [ '2.0.3' ],
105 silly audit   '@isaacs/cliui': [ '8.0.2' ],
105 silly audit   '@jridgewell/gen-mapping': [ '0.3.5' ],
105 silly audit   '@jridgewell/resolve-uri': [ '3.1.2' ],
105 silly audit   '@jridgewell/set-array': [ '1.2.1' ],
105 silly audit   '@jridgewell/sourcemap-codec': [ '1.4.15' ],
105 silly audit   '@jridgewell/trace-mapping': [ '0.3.25' ],
105 silly audit   '@next/env': [ '14.2.4' ],
105 silly audit   '@next/eslint-plugin-next': [ '14.2.4' ],
105 silly audit   '@next/swc-win32-x64-msvc': [ '14.2.4' ],
105 silly audit   '@nodelib/fs.scandir': [ '2.1.5' ],
105 silly audit   '@nodelib/fs.stat': [ '2.0.5' ],
105 silly audit   '@nodelib/fs.walk': [ '1.2.8' ],
105 silly audit   '@pkgjs/parseargs': [ '0.11.0' ],
105 silly audit   '@rushstack/eslint-patch': [ '1.10.3' ],
105 silly audit   '@swc/counter': [ '0.1.3' ],
105 silly audit   '@swc/helpers': [ '0.5.5' ],
105 silly audit   '@types/json5': [ '0.0.29' ],
105 silly audit   '@types/node': [ '20.14.10' ],
105 silly audit   '@types/prop-types': [ '15.7.12' ],
105 silly audit   '@types/react': [ '18.3.3' ],
105 silly audit   '@types/react-dom': [ '18.3.0' ],
105 silly audit   '@typescript-eslint/parser': [ '7.2.0' ],
105 silly audit   '@typescript-eslint/scope-manager': [ '7.2.0' ],
105 silly audit   '@typescript-eslint/types': [ '7.2.0' ],
105 silly audit   '@typescript-eslint/typescript-estree': [ '7.2.0' ],
105 silly audit   '@typescript-eslint/visitor-keys': [ '7.2.0' ],
105 silly audit   '@ungap/structured-clone': [ '1.2.0' ],
105 silly audit   next: [ '14.2.4' ],
105 silly audit   'es-abstract': [ '1.23.3' ],
105 silly audit   fsevents: [ '2.3.3' ],
105 silly audit   '@next/swc-darwin-arm64': [ '14.2.4' ],
105 silly audit   '@next/swc-darwin-x64': [ '14.2.4' ],
105 silly audit   '@next/swc-linux-arm64-gnu': [ '14.2.4' ],
105 silly audit   '@next/swc-linux-arm64-musl': [ '14.2.4' ],
105 silly audit   '@next/swc-linux-x64-gnu': [ '14.2.4' ],
105 silly audit   '@next/swc-linux-x64-musl': [ '14.2.4' ],
105 silly audit   '@next/swc-win32-arm64-msvc': [ '14.2.4' ],
105 silly audit   '@next/swc-win32-ia32-msvc': [ '14.2.4' ]
105 silly audit }
106 verbose reify failed optional dependency D:\Coding\Next js\Clerk Authentication\clerk-authentication\node_modules\chokidar\node_modules\fsevents
107 silly reify mark deleted [
107 silly reify   'D:\\Coding\\Next js\\Clerk Authentication\\clerk-authentication\\node_modules\\chokidar\\node_modules\\fsevents'
107 silly reify ]
108 verbose reify failed optional dependency D:\Coding\Next js\Clerk Authentication\clerk-authentication\node_modules\@next\swc-win32-ia32-msvc
109 silly reify mark deleted [
109 silly reify   'D:\\Coding\\Next js\\Clerk Authentication\\clerk-authentication\\node_modules\\@next\\swc-win32-ia32-msvc'
109 silly reify ]
110 verbose reify failed optional dependency D:\Coding\Next js\Clerk Authentication\clerk-authentication\node_modules\@next\swc-win32-arm64-msvc
111 silly reify mark deleted [
111 silly reify   'D:\\Coding\\Next js\\Clerk Authentication\\clerk-authentication\\node_modules\\@next\\swc-win32-arm64-msvc'
111 silly reify ]
112 verbose reify failed optional dependency D:\Coding\Next js\Clerk Authentication\clerk-authentication\node_modules\@next\swc-linux-x64-musl
113 silly reify mark deleted [
113 silly reify   'D:\\Coding\\Next js\\Clerk Authentication\\clerk-authentication\\node_modules\\@next\\swc-linux-x64-musl'
113 silly reify ]
114 verbose reify failed optional dependency D:\Coding\Next js\Clerk Authentication\clerk-authentication\node_modules\@next\swc-linux-x64-gnu
115 silly reify mark deleted [
115 silly reify   'D:\\Coding\\Next js\\Clerk Authentication\\clerk-authentication\\node_modules\\@next\\swc-linux-x64-gnu'
115 silly reify ]
116 verbose reify failed optional dependency D:\Coding\Next js\Clerk Authentication\clerk-authentication\node_modules\@next\swc-linux-arm64-musl
117 silly reify mark deleted [
117 silly reify   'D:\\Coding\\Next js\\Clerk Authentication\\clerk-authentication\\node_modules\\@next\\swc-linux-arm64-musl'
117 silly reify ]
118 verbose reify failed optional dependency D:\Coding\Next js\Clerk Authentication\clerk-authentication\node_modules\@next\swc-linux-arm64-gnu
119 silly reify mark deleted [
119 silly reify   'D:\\Coding\\Next js\\Clerk Authentication\\clerk-authentication\\node_modules\\@next\\swc-linux-arm64-gnu'
119 silly reify ]
120 verbose reify failed optional dependency D:\Coding\Next js\Clerk Authentication\clerk-authentication\node_modules\@next\swc-darwin-x64
121 silly reify mark deleted [
121 silly reify   'D:\\Coding\\Next js\\Clerk Authentication\\clerk-authentication\\node_modules\\@next\\swc-darwin-x64'
121 silly reify ]
122 verbose reify failed optional dependency D:\Coding\Next js\Clerk Authentication\clerk-authentication\node_modules\@next\swc-darwin-arm64
123 silly reify mark deleted [
123 silly reify   'D:\\Coding\\Next js\\Clerk Authentication\\clerk-authentication\\node_modules\\@next\\swc-darwin-arm64'
123 silly reify ]
124 silly tarball no local data for next@https://registry.npmjs.org/next/-/next-14.2.4.tgz. Extracting by manifest.
125 silly tarball no local data for es-abstract@https://registry.npmjs.org/es-abstract/-/es-abstract-1.23.3.tgz. Extracting by manifest.
126 silly tarball no local data for es-abstract@https://registry.npmjs.org/es-abstract/-/es-abstract-1.23.3.tgz. Extracting by manifest.
127 silly tarball no local data for es-abstract@https://registry.npmjs.org/es-abstract/-/es-abstract-1.23.3.tgz. Extracting by manifest.
128 silly tarball no local data for es-abstract@https://registry.npmjs.org/es-abstract/-/es-abstract-1.23.3.tgz. Extracting by manifest.
129 silly tarball no local data for es-abstract@https://registry.npmjs.org/es-abstract/-/es-abstract-1.23.3.tgz. Extracting by manifest.
130 silly tarball no local data for es-abstract@https://registry.npmjs.org/es-abstract/-/es-abstract-1.23.3.tgz. Extracting by manifest.
131 silly tarball no local data for es-abstract@https://registry.npmjs.org/es-abstract/-/es-abstract-1.23.3.tgz. Extracting by manifest.
132 silly tarball no local data for es-abstract@https://registry.npmjs.org/es-abstract/-/es-abstract-1.23.3.tgz. Extracting by manifest.
133 silly tarball no local data for es-abstract@https://registry.npmjs.org/es-abstract/-/es-abstract-1.23.3.tgz. Extracting by manifest.
134 silly tarball no local data for es-abstract@https://registry.npmjs.org/es-abstract/-/es-abstract-1.23.3.tgz. Extracting by manifest.
135 silly tarball no local data for es-abstract@https://registry.npmjs.org/es-abstract/-/es-abstract-1.23.3.tgz. Extracting by manifest.
136 silly tarball no local data for es-abstract@https://registry.npmjs.org/es-abstract/-/es-abstract-1.23.3.tgz. Extracting by manifest.
137 silly tarball no local data for es-abstract@https://registry.npmjs.org/es-abstract/-/es-abstract-1.23.3.tgz. Extracting by manifest.
138 silly tarball no local data for es-abstract@https://registry.npmjs.org/es-abstract/-/es-abstract-1.23.3.tgz. Extracting by manifest.
139 silly tarball no local data for es-abstract@https://registry.npmjs.org/es-abstract/-/es-abstract-1.23.3.tgz. Extracting by manifest.
140 http fetch POST 200 https://registry.npmjs.org/-/npm/v1/security/advisories/bulk 670ms
141 silly audit report {}
142 http fetch GET 200 https://registry.npmjs.org/which 570ms (cache miss)
143 http fetch GET 200 https://registry.npmjs.org/yaml 589ms (cache miss)
144 http fetch GET 200 https://registry.npmjs.org/cssesc 665ms (cache miss)
145 http fetch GET 200 https://registry.npmjs.org/eslint 700ms (cache miss)
146 http fetch GET 200 https://registry.npmjs.org/semver 1072ms (cache miss)
147 http fetch GET 200 https://registry.npmjs.org/loose-envify 1264ms (cache miss)
148 http fetch GET 200 https://registry.npmjs.org/semver 1365ms (cache miss)
149 http fetch GET 200 https://registry.npmjs.org/json5 1412ms (cache miss)
150 http fetch GET 200 https://registry.npmjs.org/resolve 1423ms (cache miss)
151 http fetch GET 200 https://registry.npmjs.org/sucrase 1616ms (cache miss)
152 http fetch GET 200 https://registry.npmjs.org/resolve 2129ms (cache miss)
153 http fetch GET 200 https://registry.npmjs.org/semver 2497ms (cache miss)
154 http fetch GET 200 https://registry.npmjs.org/glob 2666ms (cache miss)
155 http fetch GET 200 https://registry.npmjs.org/which/-/which-2.0.2.tgz 2157ms (cache miss)
156 http fetch GET 200 https://registry.npmjs.org/cssesc/-/cssesc-3.0.0.tgz 2032ms (cache miss)
157 http fetch GET 200 https://registry.npmjs.org/acorn 2773ms (cache miss)
158 http fetch GET 200 https://registry.npmjs.org/loose-envify/-/loose-envify-1.4.0.tgz 1580ms (cache miss)
159 http fetch GET 200 https://registry.npmjs.org/nanoid 2882ms (cache miss)
160 http fetch GET 200 https://registry.npmjs.org/semver/-/semver-7.6.2.tgz 1540ms (cache miss)
161 http fetch GET 200 https://registry.npmjs.org/semver/-/semver-6.3.1.tgz 1780ms (cache miss)
162 http fetch GET 200 https://registry.npmjs.org/resolve/-/resolve-2.0.0-next.5.tgz 1429ms (cache miss)
163 http fetch GET 200 https://registry.npmjs.org/json5/-/json5-1.0.2.tgz 1490ms (cache miss)
164 http fetch GET 200 https://registry.npmjs.org/js-yaml 3111ms (cache miss)
165 http fetch GET 200 https://registry.npmjs.org/resolve/-/resolve-1.22.8.tgz 1065ms (cache miss)
166 http fetch GET 200 https://registry.npmjs.org/semver/-/semver-6.3.1.tgz 1023ms (cache miss)
167 http fetch GET 200 https://registry.npmjs.org/glob/-/glob-10.3.10.tgz 948ms (cache miss)
168 http fetch GET 200 https://registry.npmjs.org/nanoid/-/nanoid-3.3.7.tgz 763ms (cache miss)
169 http fetch GET 200 https://registry.npmjs.org/rimraf 3762ms (cache miss)
170 http fetch GET 200 https://registry.npmjs.org/jiti 3938ms (cache miss)
171 http fetch GET 200 https://registry.npmjs.org/rimraf/-/rimraf-3.0.2.tgz 653ms (cache miss)
172 http fetch GET 200 https://registry.npmjs.org/acorn/-/acorn-8.12.1.tgz 1697ms (cache miss)
173 http fetch GET 200 https://registry.npmjs.org/js-yaml/-/js-yaml-4.1.0.tgz 2566ms (cache miss)
174 http fetch GET 200 https://registry.npmjs.org/jiti/-/jiti-1.21.6.tgz 2167ms (cache miss)
175 http fetch GET 200 https://registry.npmjs.org/tailwindcss 6742ms (cache miss)
176 http fetch GET 200 https://registry.npmjs.org/typescript 8935ms (cache miss)
177 http fetch GET 200 https://registry.npmjs.org/sucrase/-/sucrase-3.35.0.tgz 9229ms (cache miss)
178 http fetch GET 200 https://registry.npmjs.org/yaml/-/yaml-2.4.5.tgz 11449ms (cache miss)
179 http fetch GET 200 https://registry.npmjs.org/tailwindcss/-/tailwindcss-3.4.4.tgz 9745ms (cache miss)
180 http fetch GET 200 https://registry.npmjs.org/eslint/-/eslint-8.57.0.tgz 17010ms (cache miss)
181 http fetch GET 200 https://registry.npmjs.org/typescript/-/typescript-5.5.3.tgz 11662ms (cache miss)
182 http fetch GET 200 https://registry.npmjs.org/es-abstract/-/es-abstract-1.23.3.tgz 85738ms (cache miss)
183 http fetch GET 200 https://registry.npmjs.org/es-abstract/-/es-abstract-1.23.3.tgz 85851ms (cache miss)
184 http fetch GET 200 https://registry.npmjs.org/es-abstract/-/es-abstract-1.23.3.tgz 85909ms (cache miss)
185 http fetch GET 200 https://registry.npmjs.org/es-abstract/-/es-abstract-1.23.3.tgz 86026ms (cache miss)
186 http fetch GET 200 https://registry.npmjs.org/es-abstract/-/es-abstract-1.23.3.tgz 86029ms (cache miss)
187 http fetch GET 200 https://registry.npmjs.org/es-abstract/-/es-abstract-1.23.3.tgz 86024ms (cache miss)
188 http fetch GET 200 https://registry.npmjs.org/es-abstract/-/es-abstract-1.23.3.tgz 86098ms (cache miss)
189 http fetch GET 200 https://registry.npmjs.org/es-abstract/-/es-abstract-1.23.3.tgz 86126ms (cache miss)
190 http fetch GET 200 https://registry.npmjs.org/es-abstract/-/es-abstract-1.23.3.tgz 86175ms (cache miss)
191 http fetch GET 200 https://registry.npmjs.org/es-abstract/-/es-abstract-1.23.3.tgz 86232ms (cache miss)
192 http fetch GET 200 https://registry.npmjs.org/es-abstract/-/es-abstract-1.23.3.tgz 86225ms (cache miss)
193 http fetch GET 200 https://registry.npmjs.org/es-abstract/-/es-abstract-1.23.3.tgz 86343ms (cache miss)
194 http fetch GET 200 https://registry.npmjs.org/es-abstract/-/es-abstract-1.23.3.tgz 86343ms (cache miss)
195 http fetch GET 200 https://registry.npmjs.org/es-abstract/-/es-abstract-1.23.3.tgz 86375ms (cache miss)
196 http fetch GET 200 https://registry.npmjs.org/es-abstract/-/es-abstract-1.23.3.tgz 86364ms (cache miss)
197 http fetch GET 200 https://registry.npmjs.org/next/-/next-14.2.4.tgz 129928ms (cache miss)
198 silly CHANGE node_modules/yaml
199 silly CHANGE node_modules/which
200 silly CHANGE node_modules/typescript
201 silly CHANGE node_modules/tailwindcss
202 silly CHANGE node_modules/sucrase
203 silly ADD node_modules/string.prototype.matchall/node_modules/es-abstract
204 silly ADD node_modules/string.prototype.includes/node_modules/es-abstract
205 silly CHANGE node_modules/semver
206 silly CHANGE node_modules/rimraf
207 silly CHANGE node_modules/resolve
208 silly ADD node_modules/reflect.getprototypeof/node_modules/es-abstract
209 silly ADD node_modules/object.hasown/node_modules/es-abstract
210 silly ADD node_modules/object.groupby/node_modules/es-abstract
211 silly ADD node_modules/object.fromentries/node_modules/es-abstract
212 silly CHANGE node_modules/nanoid
213 silly CHANGE node_modules/loose-envify
214 silly CHANGE node_modules/json5
215 silly CHANGE node_modules/js-yaml
216 silly CHANGE node_modules/jiti
217 silly CHANGE node_modules/glob
218 silly ADD node_modules/function.prototype.name/node_modules/es-abstract
219 silly CHANGE node_modules/eslint-plugin-react/node_modules/semver
220 silly CHANGE node_modules/eslint-plugin-react/node_modules/resolve
221 silly CHANGE node_modules/eslint-plugin-import/node_modules/semver
222 silly CHANGE node_modules/eslint
223 silly ADD node_modules/es-iterator-helpers/node_modules/es-abstract
224 silly CHANGE node_modules/cssesc
225 silly ADD
226 silly ADD node_modules/array.prototype.tosorted/node_modules/es-abstract
227 silly ADD node_modules/array.prototype.toreversed/node_modules/es-abstract
228 silly ADD node_modules/array.prototype.flatmap/node_modules/es-abstract
229 silly ADD node_modules/array.prototype.flat/node_modules/es-abstract
230 silly ADD node_modules/array.prototype.findlastindex/node_modules/es-abstract
231 silly ADD node_modules/array.prototype.findlast/node_modules/es-abstract
232 silly ADD node_modules/array-includes/node_modules/es-abstract
233 silly CHANGE node_modules/acorn
234 silly CHANGE node_modules/@next/swc-win32-ia32-msvc
235 silly CHANGE node_modules/@next/swc-win32-arm64-msvc
236 silly CHANGE node_modules/@next/swc-linux-x64-musl
237 silly CHANGE node_modules/@next/swc-linux-x64-gnu
238 silly CHANGE node_modules/@next/swc-linux-arm64-musl
239 silly CHANGE node_modules/@next/swc-linux-arm64-gnu
240 silly CHANGE node_modules/@next/swc-darwin-x64
241 silly CHANGE node_modules/@next/swc-darwin-arm64
242 silly CHANGE node_modules/next
243 silly REMOVE node_modules/fsevents
244 verbose exit 0
245 info ok
